<?xml version="1.0" encoding="UTF-8"?>
<testsuite xmlns:xsi="http://www.w3.org/2001/XMLSchema-instance" xsi:noNamespaceSchemaLocation="https://maven.apache.org/surefire/maven-surefire-plugin/xsd/surefire-test-report.xsd" version="3.0.2" name="com.uv.recuperatc.RecuperatcApplicationTests" time="1.517" tests="1" errors="0" skipped="0" failures="0">
  <properties>
[...]
</properties>
  <testcase name="contextLoads" classname="com.uv.recuperatc.RecuperatcApplicationTests" time="0.472">
    <system-out><![CDATA[20:34:42.549 [main] INFO org.springframework.test.context.support.AnnotationConfigContextLoaderUtils -- Could not detect default configuration classes for test class [com.uv.recuperatc.RecuperatcApplicationTests]: RecuperatcApplicationTests does not declare any static, non-private, non-final, nested classes annotated with @Configuration.
20:34:42.609 [main] INFO org.springframework.boot.test.context.SpringBootTestContextBootstrapper -- Found @SpringBootConfiguration com.uv.recuperatc.RecuperatcApplication for test class com.uv.recuperatc.RecuperatcApplicationTests
20:34:42.685 [main] INFO org.springframework.boot.devtools.restart.RestartApplicationListener -- Restart disabled due to context in which it is running

  .   ____          _            __ _ _
 /\\ / ___'_ __ _ _(_)_ __  __ _ \ \ \ \
( ( )\___ | '_ | '_| | '_ \/ _` | \ \ \ \
 \\/  ___)| |_)| | | | | || (_| |  ) ) ) )
  '  |____| .__|_| |_|_| |_\__, | / / / /
 =========|_|==============|___/=/_/_/_/

 :: Spring Boot ::                (v3.4.0)

2024-12-16T20:34:42.822-06:00  INFO 74636 --- [recuperatc] [           main] c.u.r.RecuperatcApplicationTests         : Starting RecuperatcApplicationTests using Java 23 with PID 74636 (started by yorha in /Users/yorha/Dev/recuperatc-back)
2024-12-16T20:34:42.823-06:00  INFO 74636 --- [recuperatc] [           main] c.u.r.RecuperatcApplicationTests         : No active profile set, falling back to 1 default profile: "default"
2024-12-16T20:34:43.489-06:00  INFO 74636 --- [recuperatc] [           main] c.u.r.RecuperatcApplicationTests         : Started RecuperatcApplicationTests in 0.81 seconds (process running for 1.3)
]]></system-out>
    <system-err><![CDATA[Mockito is currently self-attaching to enable the inline-mock-maker. This will no longer work in future releases of the JDK. Please add Mockito as an agent to your build what is described in Mockito's documentation: https://javadoc.io/doc/org.mockito/mockito-core/latest/org/mockito/Mockito.html#0.3
WARNING: A Java agent has been loaded dynamically (/Users/yorha/.m2/repository/net/bytebuddy/byte-buddy-agent/1.15.10/byte-buddy-agent-1.15.10.jar)
WARNING: If a serviceability tool is in use, please run with -XX:+EnableDynamicAgentLoading to hide this warning
WARNING: If a serviceability tool is not in use, please run with -Djdk.instrument.traceUsage for more information
WARNING: Dynamic loading of agents will be disallowed by default in a future release
]]></system-err>
  </testcase>
</testsuite>